Starting Single Run, Sweeps and Corners...

Current time: Wed Sep  4 05:55:39 2024 
Best design point: 1
Design specs: 
	Fully_Differential_OTA:Lab_11-part3:1	corner	Nominal - 
	Ao		3.394k
	Ao_dB		70.61
	BW		5.358k
	GBW		18.18M
Design parameters: 
	CL		1.2p
	IB		10u
	VCASCN		1.08
	VCASCP		1.276
	VDD		2.5
	VICM		550m
	VICMAC		0
	VID		0
	VIDAC		1
	VREF		1.25

Interactive.1
Number of points completed: 1
Number of simulation errors: 0
Interactive.1 completed. 
Current time: Wed Sep  4 05:55:41 2024 
