*Info*    Exporting services from client ... 

*Info*    Client has finished starting ... 



*Info*    Configuring the session ...

	Library      = Fully_Differential_OTA
	Cell         = Lab_11-part5
	View         = schematic
	Simulator    = spectre
	State Path   = $AXL_SETUPDB_DIR/test_states
	State Name   = Fully_Differential_OTA:Lab_11-part5:1_none_Interactive.3
	Results DB   = /home/cadence/Desktop/Projects/Fully_Differential_OTA/Fully_Differential_OTA/Lab_11#2dpart5/adexl/results/data/Interactive.3.rdb
	Results Dir  = /home/cadence/simulation/Fully_Differential_OTA/Lab_11-part5/adexl/results/data/Interactive.3/1/Fully_Differential_OTA:Lab_11-part5:1
	Results Loc  = /home/cadence/simulation/Fully_Differential_OTA/Lab_11-part5/adexl/results/data
	Project Dir  = /home/cadence/simulation
	Setup DB loc = /home/cadence/Desktop/Projects/Fully_Differential_OTA/Fully_Differential_OTA/Lab_11#2dpart5/adexl
	File Encoding = 0


*Info*    Spectre controlMode is set "batch".






*Info*    Run start for Point ID (2 1) on testbench [
          Fully_Differential_OTA:Lab_11-part5:1 ].

Resetting statistical vars

*Info*    Setting parameter values ...

Setting var CL = "500f"
Setting var IB = "10u"
Setting var VCASCN = "1.415"
Setting var VCASCP = "1.428"
Setting var VDD = "2.5"
Setting var VICM = "0.55"
Setting var VICMAC = "0"
Setting var VID = "0"
Setting var VIDAC = "1"
Setting var VREF = "2.077"
Setting temp(T) = 27

*Info*    Netlist Directory =
          /home/cadence/simulation/Fully_Differential_OTA/Lab_11-part5/adexl/results/data/Interactive.3/1/Fully_Differential_OTA:Lab_11-part5:1/netlist


*Info*    Data Directory    =
          /home/cadence/simulation/Fully_Differential_OTA/Lab_11-part5/adexl/results/data/Interactive.3/1/Fully_Differential_OTA:Lab_11-part5:1


*Info*    Creating Netlist for Point ID (2 1)

generate netlist...
Begin Incremental Netlisting Sep  7 04:17:21 2024
End netlisting Sep  7 04:17:21 2024

Netlisting Statistics:
	Number of components:   21

	Elapsed time:          0.0s
Errors: 0	Warnings: 0
      ...successful.
compose simulator input file...
      ...successful.

*Info*    Running simulation on testbench [
          Fully_Differential_OTA:Lab_11-part5:1 ] for Point ID (2 1).

Delete psf data in /home/cadence/simulation/Fully_Differential_OTA/Lab_11-part5/adexl/results/data/Interactive.3/1/Fully_Differential_OTA:Lab_11-part5:1/psf.
compose simulator input file...
      ...successful.
start simulator if needed...
      ...successful.
simulate...
To view the simulator output, right-click on the test name, result 
name, or any value in the "Results" tab of the Outputs section and 
choose "Output Log" menu option.
INFO (ADE-3071): Simulation completed successfully.
reading simulation data...
      ...successful.
*Info*    Client has finished evaluating ... 

WARNING (OCN-6038): Results ac are not available for /home/cadence/simulation/Fully_Differential_OTA/Lab_11-part5/adexl/results/data/Interactive.3/1/Fully_Differential_OTA:Lab_11-part5:1/psf. Use results() for a list of available results.
WARNING (OCN-6038): Results tran_info-tran_info are not available for /home/cadence/simulation/Fully_Differential_OTA/Lab_11-part5/adexl/results/data/Interactive.3/1/Fully_Differential_OTA:Lab_11-part5:1/psf. Use results() for a list of available results.
WARNING (OCN-6038): Results ac are not available for /home/cadence/simulation/Fully_Differential_OTA/Lab_11-part5/adexl/results/data/Interactive.3/1/Fully_Differential_OTA:Lab_11-part5:1/psf. Use results() for a list of available results.
WARNING (OCN-6038): Results tran_info-tran_info are not available for /home/cadence/simulation/Fully_Differential_OTA/Lab_11-part5/adexl/results/data/Interactive.3/1/Fully_Differential_OTA:Lab_11-part5:1/psf. Use results() for a list of available results.
ERROR (ADEXL-2708): Evaluation of output 'Ao_cl' failed for point:'1' test:'Fully_Differential_OTA:Lab_11-part5:1'
	Expression:'ymax(mag((VF("/VOUTN") - VF("/VOUTP"))))'
	because of the following error(s)
	*Error* difference: can't handle (nil - nil).
Ensure that the definition of output is correct.

WARNING (OCN-6038): Results ac are not available for /home/cadence/simulation/Fully_Differential_OTA/Lab_11-part5/adexl/results/data/Interactive.3/1/Fully_Differential_OTA:Lab_11-part5:1/psf. Use results() for a list of available results.
WARNING (OCN-6038): Results tran_info-tran_info are not available for /home/cadence/simulation/Fully_Differential_OTA/Lab_11-part5/adexl/results/data/Interactive.3/1/Fully_Differential_OTA:Lab_11-part5:1/psf. Use results() for a list of available results.
WARNING (OCN-6038): Results ac are not available for /home/cadence/simulation/Fully_Differential_OTA/Lab_11-part5/adexl/results/data/Interactive.3/1/Fully_Differential_OTA:Lab_11-part5:1/psf. Use results() for a list of available results.
WARNING (OCN-6038): Results tran_info-tran_info are not available for /home/cadence/simulation/Fully_Differential_OTA/Lab_11-part5/adexl/results/data/Interactive.3/1/Fully_Differential_OTA:Lab_11-part5:1/psf. Use results() for a list of available results.
ERROR (ADEXL-2708): Evaluation of output 'GBW' failed for point:'1' test:'Fully_Differential_OTA:Lab_11-part5:1'
	Expression:'(ymax(mag((VF("/VOUTN") - VF("/VOUTP")))) * bandwidth((VF("/VOUTN") - VF("/VOUTP")) 3 "low"))'
	because of the following error(s)
	*Error* difference: can't handle (nil - nil).
Ensure that the definition of output is correct.

WARNING (OCN-6038): Results ac are not available for /home/cadence/simulation/Fully_Differential_OTA/Lab_11-part5/adexl/results/data/Interactive.3/1/Fully_Differential_OTA:Lab_11-part5:1/psf. Use results() for a list of available results.
WARNING (OCN-6038): Results tran_info-tran_info are not available for /home/cadence/simulation/Fully_Differential_OTA/Lab_11-part5/adexl/results/data/Interactive.3/1/Fully_Differential_OTA:Lab_11-part5:1/psf. Use results() for a list of available results.
WARNING (OCN-6038): Results ac are not available for /home/cadence/simulation/Fully_Differential_OTA/Lab_11-part5/adexl/results/data/Interactive.3/1/Fully_Differential_OTA:Lab_11-part5:1/psf. Use results() for a list of available results.
WARNING (OCN-6038): Results tran_info-tran_info are not available for /home/cadence/simulation/Fully_Differential_OTA/Lab_11-part5/adexl/results/data/Interactive.3/1/Fully_Differential_OTA:Lab_11-part5:1/psf. Use results() for a list of available results.
ERROR (ADEXL-2708): Evaluation of output 'BW' failed for point:'1' test:'Fully_Differential_OTA:Lab_11-part5:1'
	Expression:'bandwidth((VF("/VOUTN") - VF("/VOUTP")) 3 "low")'
	because of the following error(s)
	*Error* difference: can't handle (nil - nil).
Ensure that the definition of output is correct.


*Info*    Run complete for Point ID (2 1) on testbench [
          Fully_Differential_OTA:Lab_11-part5:1 ].





Simulation design variables differ from those on the cellView,
they have been saved in the file "/tmp/saved-design-variables".
To save future changes, copy variables to cellView before exiting.
