*Info*    Exporting services from client ... 

*Info*    Client has finished starting ... 



*Info*    Configuring the session ...

	Library      = Fully_Differential_OTA
	Cell         = Lab_11-part3
	View         = schematic
	Simulator    = spectre
	State Path   = $AXL_SETUPDB_DIR/test_states
	State Name   = Fully_Differential_OTA:Lab_11-part3:1_none_Interactive.5
	Results DB   = /home/cadence/Desktop/Projects/Fully_Differential_OTA/Fully_Differential_OTA/Lab_11#2dpart3/adexl/results/data/Interactive.5.rdb
	Results Dir  = /home/cadence/simulation/Fully_Differential_OTA/Lab_11-part3/adexl/results/data/Interactive.5/1/Fully_Differential_OTA:Lab_11-part3:1
	Results Loc  = /home/cadence/simulation/Fully_Differential_OTA/Lab_11-part3/adexl/results/data
	Project Dir  = /home/cadence/simulation
	Setup DB loc = /home/cadence/Desktop/Projects/Fully_Differential_OTA/Fully_Differential_OTA/Lab_11#2dpart3/adexl
	File Encoding = 0


*Info*    Spectre controlMode is set "batch".






*Info*    Run start for Point ID (5 1) on testbench [
          Fully_Differential_OTA:Lab_11-part3:1 ].

Resetting statistical vars

*Info*    Setting parameter values ...

Setting var CL = "500f"
Setting var IB = "10u"
Setting var VCASCN = "1.08"
Setting var VCASCP = "1.276"
Setting var VDD = "2.5"
Setting var VICM = "0.5"
Setting var VICMAC = "0"
Setting var VID = "0"
Setting var VIDAC = "0"
Setting var VREF = "1.25"
Setting var W = "41.5u"
Setting var W1 = "1u"
Setting temp(T) = 27

*Info*    Netlist Directory =
          /home/cadence/simulation/Fully_Differential_OTA/Lab_11-part3/adexl/results/data/Interactive.5/1/Fully_Differential_OTA:Lab_11-part3:1/netlist


*Info*    Data Directory    =
          /home/cadence/simulation/Fully_Differential_OTA/Lab_11-part3/adexl/results/data/Interactive.5/1/Fully_Differential_OTA:Lab_11-part3:1


*Info*    Creating Netlist for Point ID (5 1)

generate netlist...
Begin Incremental Netlisting Sep  3 23:57:04 2024
WARNING (OSSHNL-226): There are more design variables used in the current netlisting session as
compared to the last session in the current run directory. The netlist(s)
generated in the last netlisting session cannot be reused for incremental
netlisting. Therefore re-netlisting the design.

End netlisting Sep  3 23:57:04 2024

Netlisting Statistics:
	Number of components:   34

	Elapsed time:          0.0s
Errors: 0	Warnings: 0
      ...successful.
compose simulator input file...
      ...successful.

*Info*    Running simulation on testbench [
          Fully_Differential_OTA:Lab_11-part3:1 ] for Point ID (5 1).

Delete psf data in /home/cadence/simulation/Fully_Differential_OTA/Lab_11-part3/adexl/results/data/Interactive.5/1/Fully_Differential_OTA:Lab_11-part3:1/psf.
compose simulator input file...
      ...successful.
start simulator if needed...
      ...successful.
simulate...
To view the simulator output, right-click on the test name, result 
name, or any value in the "Results" tab of the Outputs section and 
choose "Output Log" menu option.
INFO (ADE-3071): Simulation completed successfully.
reading simulation data...
      ...successful.
*Info*    Client has finished evaluating ... 


*Info*    Run complete for Point ID (5 1) on testbench [
          Fully_Differential_OTA:Lab_11-part3:1 ].





Simulation design variables differ from those on the cellView,
they have been saved in the file "/tmp/saved-design-variables".
To save future changes, copy variables to cellView before exiting.
