*Info*    Exporting services from client ... 

*Info*    Client has finished starting ... 



*Info*    Configuring the session ...

	Library      = Fully_Differential_OTA
	Cell         = Lab_11-part3
	View         = schematic
	Simulator    = spectre
	State Path   = $AXL_SETUPDB_DIR/test_states
	State Name   = Fully_Differential_OTA:Lab_11-part3:1_none_Interactive.4
	Results DB   = /home/cadence/Desktop/Projects/Fully_Differential_OTA/Fully_Differential_OTA/Lab_11#2dpart3/adexl/results/data/Interactive.4.rdb
	Results Dir  = /home/cadence/simulation/Fully_Differential_OTA/Lab_11-part3/adexl/results/data/Interactive.4/1/Fully_Differential_OTA:Lab_11-part3:1
	Results Loc  = /home/cadence/simulation/Fully_Differential_OTA/Lab_11-part3/adexl/results/data
	Project Dir  = /home/cadence/simulation
	Setup DB loc = /home/cadence/Desktop/Projects/Fully_Differential_OTA/Fully_Differential_OTA/Lab_11#2dpart3/adexl
	File Encoding = 0


*Info*    Spectre controlMode is set "batch".






*Info*    Run start for Point ID (0 1) on testbench [
          Fully_Differential_OTA:Lab_11-part3:1 ].

Resetting statistical vars

*Info*    Setting parameter values ...

Setting var CL = "500f"
Setting var IB = "10u"
Setting var VCASCN = "1.08"
Setting var VCASCP = "1.276"
Setting var VDD = "2.5"
Setting var VICM = "0.55"
Setting var VICMAC = "0"
Setting var VID = "0"
Setting var VIDAC = "1"
Setting var VREF = "1.25"
Setting temp(T) = 27

*Info*    Netlist Directory =
          /home/cadence/simulation/Fully_Differential_OTA/Lab_11-part3/adexl/results/data/Interactive.4/1/Fully_Differential_OTA:Lab_11-part3:1/netlist


*Info*    Data Directory    =
          /home/cadence/simulation/Fully_Differential_OTA/Lab_11-part3/adexl/results/data/Interactive.4/1/Fully_Differential_OTA:Lab_11-part3:1


*Info*    Creating Netlist for Point ID (0 1)

generate netlist...
Loading seCore.cxt 
Begin Incremental Netlisting Sep  4 07:42:58 2024
End netlisting Sep  4 07:42:59 2024
Loading monte.cxt 

Netlisting Statistics:
	Number of components:   27

	Elapsed time:          3.0s (9.00/s)
Errors: 0	Warnings: 0
      ...successful.
compose simulator input file...
      ...successful.

*Info*    Running simulation on testbench [
          Fully_Differential_OTA:Lab_11-part3:1 ] for Point ID (0 1).

Delete psf data in /home/cadence/simulation/Fully_Differential_OTA/Lab_11-part3/adexl/results/data/Interactive.4/1/Fully_Differential_OTA:Lab_11-part3:1/psf.
compose simulator input file...
      ...successful.
start simulator if needed...
      ...successful.
simulate...
To view the simulator output, right-click on the test name, result 
name, or any value in the "Results" tab of the Outputs section and 
choose "Output Log" menu option.
INFO (ADE-3071): Simulation completed successfully.
reading simulation data...
      ...successful.
*Info*    Client has finished evaluating ... 

WARNING (OCN-6038): Results ac are not available for /home/cadence/simulation/Fully_Differential_OTA/Lab_11-part3/adexl/results/data/Interactive.4/1/Fully_Differential_OTA:Lab_11-part3:1/psf. Use results() for a list of available results.
WARNING (OCN-6038): Results tran_info-tran_info are not available for /home/cadence/simulation/Fully_Differential_OTA/Lab_11-part3/adexl/results/data/Interactive.4/1/Fully_Differential_OTA:Lab_11-part3:1/psf. Use results() for a list of available results.
ERROR (ADEXL-2709): Evaluation of output 'VOUT' returned 'nil' for point:'1' test:'Fully_Differential_OTA:Lab_11-part3:1'
	Expression:'dB20(VF("/VOdiff"))'.
Ensure that the definition of output is correct.

WARNING (OCN-6038): Results ac are not available for /home/cadence/simulation/Fully_Differential_OTA/Lab_11-part3/adexl/results/data/Interactive.4/1/Fully_Differential_OTA:Lab_11-part3:1/psf. Use results() for a list of available results.
WARNING (OCN-6038): Results tran_info-tran_info are not available for /home/cadence/simulation/Fully_Differential_OTA/Lab_11-part3/adexl/results/data/Interactive.4/1/Fully_Differential_OTA:Lab_11-part3:1/psf. Use results() for a list of available results.
ERROR (ADEXL-2709): Evaluation of output 'Ao_dB' returned 'nil' for point:'1' test:'Fully_Differential_OTA:Lab_11-part3:1'
	Expression:'dB20(ymax(mag(VF("/VOdiff"))))'.
Ensure that the definition of output is correct.

WARNING (OCN-6038): Results ac are not available for /home/cadence/simulation/Fully_Differential_OTA/Lab_11-part3/adexl/results/data/Interactive.4/1/Fully_Differential_OTA:Lab_11-part3:1/psf. Use results() for a list of available results.
WARNING (OCN-6038): Results tran_info-tran_info are not available for /home/cadence/simulation/Fully_Differential_OTA/Lab_11-part3/adexl/results/data/Interactive.4/1/Fully_Differential_OTA:Lab_11-part3:1/psf. Use results() for a list of available results.
ERROR (ADEXL-2709): Evaluation of output 'UGF' returned 'nil' for point:'1' test:'Fully_Differential_OTA:Lab_11-part3:1'
	Expression:'unityGainFreq(VF("/VOdiff"))'.
Ensure that the definition of output is correct.

WARNING (OCN-6038): Results ac are not available for /home/cadence/simulation/Fully_Differential_OTA/Lab_11-part3/adexl/results/data/Interactive.4/1/Fully_Differential_OTA:Lab_11-part3:1/psf. Use results() for a list of available results.
WARNING (OCN-6038): Results tran_info-tran_info are not available for /home/cadence/simulation/Fully_Differential_OTA/Lab_11-part3/adexl/results/data/Interactive.4/1/Fully_Differential_OTA:Lab_11-part3:1/psf. Use results() for a list of available results.
ERROR (ADEXL-2709): Evaluation of output 'VOUT_dB' returned 'nil' for point:'1' test:'Fully_Differential_OTA:Lab_11-part3:1'
	Expression:'VF("/VOdiff")'.
Ensure that the definition of output is correct.

WARNING (OCN-6038): Results ac are not available for /home/cadence/simulation/Fully_Differential_OTA/Lab_11-part3/adexl/results/data/Interactive.4/1/Fully_Differential_OTA:Lab_11-part3:1/psf. Use results() for a list of available results.
WARNING (OCN-6038): Results tran_info-tran_info are not available for /home/cadence/simulation/Fully_Differential_OTA/Lab_11-part3/adexl/results/data/Interactive.4/1/Fully_Differential_OTA:Lab_11-part3:1/psf. Use results() for a list of available results.
ERROR (ADEXL-2709): Evaluation of output 'PM' returned 'nil' for point:'1' test:'Fully_Differential_OTA:Lab_11-part3:1'
	Expression:'phaseMargin(VF("/VOdiff"))'.
Ensure that the definition of output is correct.

WARNING (OCN-6038): Results ac are not available for /home/cadence/simulation/Fully_Differential_OTA/Lab_11-part3/adexl/results/data/Interactive.4/1/Fully_Differential_OTA:Lab_11-part3:1/psf. Use results() for a list of available results.
WARNING (OCN-6038): Results tran_info-tran_info are not available for /home/cadence/simulation/Fully_Differential_OTA/Lab_11-part3/adexl/results/data/Interactive.4/1/Fully_Differential_OTA:Lab_11-part3:1/psf. Use results() for a list of available results.
WARNING (OCN-6038): Results ac are not available for /home/cadence/simulation/Fully_Differential_OTA/Lab_11-part3/adexl/results/data/Interactive.4/1/Fully_Differential_OTA:Lab_11-part3:1/psf. Use results() for a list of available results.
WARNING (OCN-6038): Results tran_info-tran_info are not available for /home/cadence/simulation/Fully_Differential_OTA/Lab_11-part3/adexl/results/data/Interactive.4/1/Fully_Differential_OTA:Lab_11-part3:1/psf. Use results() for a list of available results.
ERROR (ADEXL-2708): Evaluation of output 'GBW' failed for point:'1' test:'Fully_Differential_OTA:Lab_11-part3:1'
	Expression:'(ymax(mag(VF("/VOdiff"))) * bandwidth(VF("/VOdiff") 3 "low"))'
	because of the following error(s)
	*Error* times: can't handle (nil * nil).
Ensure that the definition of output is correct.

WARNING (OCN-6038): Results ac are not available for /home/cadence/simulation/Fully_Differential_OTA/Lab_11-part3/adexl/results/data/Interactive.4/1/Fully_Differential_OTA:Lab_11-part3:1/psf. Use results() for a list of available results.
WARNING (OCN-6038): Results tran_info-tran_info are not available for /home/cadence/simulation/Fully_Differential_OTA/Lab_11-part3/adexl/results/data/Interactive.4/1/Fully_Differential_OTA:Lab_11-part3:1/psf. Use results() for a list of available results.
ERROR (ADEXL-2709): Evaluation of output 'Ao' returned 'nil' for point:'1' test:'Fully_Differential_OTA:Lab_11-part3:1'
	Expression:'ymax(mag(VF("/VOdiff")))'.
Ensure that the definition of output is correct.

WARNING (OCN-6038): Results ac are not available for /home/cadence/simulation/Fully_Differential_OTA/Lab_11-part3/adexl/results/data/Interactive.4/1/Fully_Differential_OTA:Lab_11-part3:1/psf. Use results() for a list of available results.
WARNING (OCN-6038): Results tran_info-tran_info are not available for /home/cadence/simulation/Fully_Differential_OTA/Lab_11-part3/adexl/results/data/Interactive.4/1/Fully_Differential_OTA:Lab_11-part3:1/psf. Use results() for a list of available results.
ERROR (ADEXL-2709): Evaluation of output 'BW' returned 'nil' for point:'1' test:'Fully_Differential_OTA:Lab_11-part3:1'
	Expression:'bandwidth(VF("/VOdiff") 3 "low")'.
Ensure that the definition of output is correct.


*Info*    Run complete for Point ID (0 1) on testbench [
          Fully_Differential_OTA:Lab_11-part3:1 ].





Simulation design variables differ from those on the cellView,
they have been saved in the file "/tmp/saved-design-variables".
To save future changes, copy variables to cellView before exiting.
