*Info*    Exporting services from client ... 

*Info*    Client has finished starting ... 



*Info*    Configuring the session ...

	Library      = Fully_Differential_OTA
	Cell         = Lab_11-part5
	View         = schematic
	Simulator    = spectre
	State Path   = $AXL_SETUPDB_DIR/test_states
	State Name   = Fully_Differential_OTA:Lab_11-part5:1_none_Interactive.1
	Results DB   = /home/cadence/Desktop/Projects/Fully_Differential_OTA/Fully_Differential_OTA/Lab_11#2dpart5/adexl/results/data/Interactive.1.rdb
	Results Dir  = /home/cadence/simulation/Fully_Differential_OTA/Lab_11-part5/adexl/results/data/Interactive.1/1/Fully_Differential_OTA:Lab_11-part5:1
	Results Loc  = /home/cadence/simulation/Fully_Differential_OTA/Lab_11-part5/adexl/results/data
	Project Dir  = /home/cadence/simulation
	Setup DB loc = /home/cadence/Desktop/Projects/Fully_Differential_OTA/Fully_Differential_OTA/Lab_11#2dpart5/adexl
	File Encoding = 0


*Info*    Spectre controlMode is set "batch".






*Info*    Run start for Point ID (15 1) on testbench [
          Fully_Differential_OTA:Lab_11-part5:1 ].

Resetting statistical vars

*Info*    Setting parameter values ...

Setting var CL = "500f"
Setting var IB = "10u"
Setting var VCASCN = "1.08"
Setting var VCASCP = "1.276"
Setting var VDD = "2.5"
Setting var VICM = "0.55"
Setting var VICMAC = "0"
Setting var VID = "0"
Setting var VIDAC = "1"
Setting var VREF = "2.077"
Setting temp(T) = 27

*Info*    Netlist Directory =
          /home/cadence/simulation/Fully_Differential_OTA/Lab_11-part5/adexl/results/data/Interactive.1/1/Fully_Differential_OTA:Lab_11-part5:1/netlist


*Info*    Data Directory    =
          /home/cadence/simulation/Fully_Differential_OTA/Lab_11-part5/adexl/results/data/Interactive.1/1/Fully_Differential_OTA:Lab_11-part5:1


*Info*    Creating Netlist for Point ID (15 1)

generate netlist...
Begin Incremental Netlisting Sep  5 00:03:44 2024
End netlisting Sep  5 00:03:44 2024

	The netlist is up to date.
	Time taken to compare the design with netlist:   0.0s
      ...successful.
compose simulator input file...
      ...successful.

*Info*    Running simulation on testbench [
          Fully_Differential_OTA:Lab_11-part5:1 ] for Point ID (15 1).

Delete psf data in /home/cadence/simulation/Fully_Differential_OTA/Lab_11-part5/adexl/results/data/Interactive.1/1/Fully_Differential_OTA:Lab_11-part5:1/psf.
compose simulator input file...
      ...successful.
start simulator if needed...
      ...successful.
simulate...
To view the simulator output, right-click on the test name, result 
name, or any value in the "Results" tab of the Outputs section and 
choose "Output Log" menu option.
INFO (ADE-3067): Errors encountered during simulation. For more information, right-click
        on a test name in the 'Results' tab of the Outputs pane and choose 'Output Log'
        to view the simulation run log.
reading simulation data...
      ...successful.

*Error*   Error ID  = 5011
*Error*   Error Msg = Simulator failed to complete the simulation.

          Error found by spectre during IC analysis, during transient
          analysis `tran'.
Error found by spectre during IC analysis,
          during transient analysis `tran'.
ERROR (SPECTRE-11006):
          Matrix is singular (detected at `I18.K0:t1' and
          `I18.K1:t1').
ERROR (SPECTRE-16080): No DC solution found
          (no convergence).  
Error found by spectre during DC
          analysis, during info `finalTimeOP'.
Error found by spectre
          during DC analysis, during info `finalTimeOP'.
ERROR
          (SPECTRE-16041): Analysis was skipped due to inability to
          compute operating point.





*Info*    Client has finished evaluating ... 


*Info*    Run complete for Point ID (15 1) on testbench [
          Fully_Differential_OTA:Lab_11-part5:1 ].





Simulation design variables differ from those on the cellView,
they have been saved in the file "/tmp/saved-design-variables".
To save future changes, copy variables to cellView before exiting.
